<?xml version="1.0" encoding="UTF-8"?>
<testng-results ignored="6" total="9" passed="3" failed="0" skipped="0">
  <reporter-output>
  </reporter-output>
  <suite started-at="2026-04-12T19:10:37 GMT+07:00" name="Loan Department" finished-at="2026-04-12T19:10:37 GMT+07:00" duration-ms="247">
    <groups>
      <group name="smoke">
        <method signature="day1.Demo()[pri:0, instance:test.day1@689604d9]" name="Demo" class="test.day1"/>
        <method signature="day3.MobileloginHomeLoan()[pri:0, instance:test.day3@4135c3b]" name="MobileloginHomeLoan" class="test.day3"/>
        <method signature="day4.MobilelogincarLoan()[pri:0, instance:test.day4@6302bbb1]" name="MobilelogincarLoan" class="test.day4"/>
      </group> <!-- smoke -->
    </groups>
    <test started-at="2026-04-12T19:10:37 GMT+07:00" name="Regression" finished-at="2026-04-12T19:10:37 GMT+07:00" duration-ms="247">
      <class name="test.day4">
        <test-method signature="MobilelogincarLoan()[pri:0, instance:test.day4@6302bbb1]" started-at="2026-04-12T19:10:37 GMT+07:00" name="MobilelogincarLoan" finished-at="2026-04-12T19:10:37 GMT+07:00" duration-ms="3" status="PASS">
          <reporter-output>
          </reporter-output>
        </test-method> <!-- MobilelogincarLoan -->
      </class> <!-- test.day4 -->
      <class name="test.day3">
        <test-method signature="MobileloginHomeLoan()[pri:0, instance:test.day3@4135c3b]" started-at="2026-04-12T19:10:37 GMT+07:00" name="MobileloginHomeLoan" finished-at="2026-04-12T19:10:37 GMT+07:00" duration-ms="16" status="PASS">
          <reporter-output>
          </reporter-output>
        </test-method> <!-- MobileloginHomeLoan -->
      </class> <!-- test.day3 -->
      <class name="test.day1">
        <test-method signature="Demo()[pri:0, instance:test.day1@689604d9]" started-at="2026-04-12T19:10:37 GMT+07:00" name="Demo" finished-at="2026-04-12T19:10:37 GMT+07:00" duration-ms="30" status="PASS">
          <reporter-output>
          </reporter-output>
        </test-method> <!-- Demo -->
      </class> <!-- test.day1 -->
    </test> <!-- Regression -->
  </suite> <!-- Loan Department -->
</testng-results>
