<?xml version="1.0" encoding="UTF-8"?>
<!-- Generated by org.testng.reporters.JUnitXMLReporter -->
<testsuite ignored="1" hostname="Admin-PC" failures="0" tests="2" name="Car Loan" time="0.102" errors="0" timestamp="2026-04-12T18:56:50 GMT+07:00">
  <testcase classname="test.day4" name="LoginAPIcarLoan" time="0.01"/>
  <testcase classname="test.day4" name="WebloginCarLoan" time="0.005"/>
  <testcase classname="test.day4" name="MobilelogincarLoan" time="0.0">
    <ignored/>
  </testcase> <!-- MobilelogincarLoan -->
</testsuite> <!-- Car Loan -->
