<?xml version="1.0" encoding="UTF-8"?>
<!-- Generated by org.testng.reporters.JUnitXMLReporter -->
<testsuite ignored="1" hostname="Admin-PC" failures="0" tests="5" name="Personal Loan" time="0.533" errors="0" timestamp="2026-04-12T18:56:50 GMT+07:00">
  <testcase classname="test.day1" name="Demo" time="0.031"/>
  <testcase classname="test.day2" name="ploan" time="0.015"/>
  <testcase classname="test.day3" name="LoginAPIcarLoan" time="0.031"/>
  <testcase classname="test.day3" name="MobileloginHomeLoan" time="0.062"/>
  <testcase classname="test.day3" name="WebloginHomeLoan" time="0.002"/>
  <testcase classname="test.day1" name="SecondTest" time="0.0">
    <ignored/>
  </testcase> <!-- SecondTest -->
</testsuite> <!-- Personal Loan -->
